<?xml version="1.0" encoding="UTF-8"?>
<!-- Generated by org.testng.reporters.JUnitReportReporter -->
<testsuite hostname="XiaoJay" name="com.sinodata.test.TestAgentInterface" tests="1" failures="0" timestamp="18 Mar 2016 07:26:22 GMT" time="2.015" errors="0">
  <testcase name="requestSMS" time="2.015" classname="com.sinodata.test.TestAgentInterface"/>
</testsuite> <!-- com.sinodata.test.TestAgentInterface -->
