<?xml version="1.0" encoding="UTF-8"?>
<!-- Generated by org.testng.reporters.JUnitReportReporter -->
<testsuite hostname="XiaoJay" name="com.sinodata.test.TestApiInterface1" tests="1" failures="0" timestamp="3 Jul 2015 06:52:10 GMT" time="0.635" errors="0">
  <testcase name="register" time="0.635" classname="com.sinodata.test.TestApiInterface1"/>
</testsuite> <!-- com.sinodata.test.TestApiInterface1 -->
