<?xml version="1.0" encoding="UTF-8"?>
<!-- Generated by org.testng.reporters.JUnitReportReporter -->
<testsuite hostname="XiaoJay" name="com.sinodata.test.TestApiInterface" tests="1" failures="0" timestamp="7 Apr 2016 02:06:40 GMT" time="0.377" errors="0">
  <testcase name="login" time="0.377" classname="com.sinodata.test.TestApiInterface"/>
</testsuite> <!-- com.sinodata.test.TestApiInterface -->
