<?xml version="1.0" encoding="UTF-8"?>
<!-- Generated by org.testng.reporters.JUnitReportReporter -->
<testsuite hostname="XiaoJay" name="com.sinodata.test.TestSinoInterface" tests="2" failures="0" timestamp="2 Apr 2016 02:55:48 GMT" time="0.715" errors="0">
  <testcase name="cashAccBusiness" time="0.388" classname="com.sinodata.test.TestSinoInterface"/>
  <testcase name="loginCheck" time="0.327" classname="com.sinodata.test.TestSinoInterface"/>
</testsuite> <!-- com.sinodata.test.TestSinoInterface -->
